2022-08-02 11:22:18 INFO  Log:11 - =====================================loginTest TEST START=========================================
2022-08-02 11:22:18 INFO  Log:22 - user is going to click on SignIn
2022-08-02 11:22:20 INFO  Log:22 - Enter Username and Password
2022-08-02 11:22:25 INFO  Log:22 - Verifying if user is able to login
2022-08-02 11:22:25 INFO  Log:22 - Login is Sucess
2022-08-02 11:22:25 INFO  Log:15 - =====================================loginTest TEST END=========================================
2022-08-02 11:29:30 INFO  Log:11 - =====================================productAvailabilityTest TEST START=========================================
2022-08-02 11:39:10 INFO  Log:11 - =====================================productAvailabilityTest TEST START=========================================
2022-08-02 11:40:39 INFO  Log:11 - =====================================productAvailabilityTest TEST START=========================================
2022-08-02 11:40:42 INFO  Log:15 - =====================================productAvailabilityTest TEST END=========================================
2022-08-02 11:42:19 INFO  Log:11 - =====================================productAvailabilityTest TEST START=========================================
2022-08-02 11:54:34 INFO  Log:11 - =====================================productAvailabilityTest TEST START=========================================
2022-08-02 11:55:09 INFO  Log:11 - =====================================verifyTotalPrice TEST START=========================================
2022-08-02 11:57:57 INFO  Log:11 - =====================================verifyTotalPrice TEST START=========================================
2022-08-02 11:58:46 INFO  Log:11 - =====================================orderHistoryandDetailsTest TEST START=========================================
2022-08-02 11:58:54 INFO  Log:15 - =====================================orderHistoryandDetailsTest TEST END=========================================
2022-08-02 11:59:03 INFO  Log:11 - =====================================wishListTest TEST START=========================================
2022-08-02 11:59:12 INFO  Log:15 - =====================================wishListTest TEST END=========================================
2022-08-02 11:59:41 INFO  Log:11 - =====================================verifyLogo TEST START=========================================
2022-08-02 11:59:41 INFO  Log:15 - =====================================verifyLogo TEST END=========================================
2022-08-02 11:59:48 INFO  Log:11 - =====================================verifyTitle TEST START=========================================
2022-08-02 11:59:48 INFO  Log:15 - =====================================verifyTitle TEST END=========================================
2022-08-02 12:12:50 INFO  Log:11 - =====================================verifyCreateAccountPageTest TEST START=========================================
2022-08-02 12:16:36 INFO  Log:11 - =====================================createAccountTest TEST START=========================================
2022-08-02 12:16:51 INFO  Log:11 - =====================================createAccountTest TEST START=========================================
2022-08-02 12:17:01 INFO  Log:11 - =====================================createAccountTest TEST START=========================================
2022-08-02 12:17:13 INFO  Log:11 - =====================================verifyCreateAccountPageTest TEST START=========================================
2022-08-02 15:22:55 INFO  Log:11 - =====================================loginTest TEST START=========================================
2022-08-02 15:22:55 INFO  Log:22 - user is going to click on SignIn
2022-08-02 15:23:00 INFO  Log:22 - Enter Username and Password
2022-08-02 15:23:07 INFO  Log:22 - Verifying if user is able to login
2022-08-02 15:23:07 INFO  Log:22 - Login is Sucess
2022-08-02 15:23:07 INFO  Log:15 - =====================================loginTest TEST END=========================================
2022-08-02 15:23:34 INFO  Log:11 - =====================================createAccountTest TEST START=========================================
2022-08-02 15:23:47 INFO  Log:11 - =====================================createAccountTest TEST START=========================================
2022-08-02 15:23:57 INFO  Log:11 - =====================================createAccountTest TEST START=========================================
2022-08-02 15:24:09 INFO  Log:11 - =====================================verifyCreateAccountPageTest TEST START=========================================
2022-08-02 15:25:32 INFO  Log:11 - =====================================verifyTotalPrice TEST START=========================================
2022-08-02 15:35:27 INFO  Log:11 - =====================================verifyTotalPrice TEST START=========================================
2022-08-02 15:40:26 INFO  Log:11 - =====================================verifyTotalPrice TEST START=========================================
2022-08-02 15:40:42 INFO  Log:15 - =====================================verifyTotalPrice TEST END=========================================
2022-08-02 15:43:05 INFO  Log:11 - =====================================createAccountTest TEST START=========================================
2022-08-02 15:43:21 INFO  Log:11 - =====================================createAccountTest TEST START=========================================
2022-08-02 15:43:33 INFO  Log:11 - =====================================createAccountTest TEST START=========================================
2022-08-02 15:43:44 INFO  Log:11 - =====================================verifyCreateAccountPageTest TEST START=========================================
2022-08-02 15:53:28 INFO  Log:11 - =====================================verifyCreateAccountPageTest TEST START=========================================
2022-08-02 15:57:26 INFO  Log:11 - =====================================verifyCreateAccountPageTest TEST START=========================================
2022-08-02 16:01:20 INFO  Log:11 - =====================================verifyCreateAccountPageTest TEST START=========================================
2022-08-02 16:05:03 INFO  Log:11 - =====================================verifyCreateAccountPageTest TEST START=========================================
2022-08-02 16:05:08 INFO  Log:15 - =====================================verifyCreateAccountPageTest TEST END=========================================
2022-08-02 16:09:50 INFO  Log:11 - =====================================verifyCreateAccountPageTest TEST START=========================================
2022-08-02 16:11:19 INFO  Log:11 - =====================================verifyCreateAccountPageTest TEST START=========================================
2022-08-02 16:11:25 INFO  Log:15 - =====================================verifyCreateAccountPageTest TEST END=========================================
2022-08-02 16:27:21 INFO  Log:11 - =====================================addToCartTest TEST START=========================================
2022-08-02 16:27:39 INFO  Log:15 - =====================================addToCartTest TEST END=========================================
2022-08-02 16:29:56 INFO  Log:11 - =====================================endToEndTest TEST START=========================================
2022-08-02 16:31:00 INFO  Log:15 - =====================================endToEndTest TEST END=========================================
2022-08-02 16:31:26 INFO  Log:11 - =====================================orderHistoryandDetailsTest TEST START=========================================
2022-08-02 16:32:03 INFO  Log:15 - =====================================orderHistoryandDetailsTest TEST END=========================================
2022-08-02 16:32:20 INFO  Log:11 - =====================================wishListTest TEST START=========================================
2022-08-02 16:32:52 INFO  Log:15 - =====================================wishListTest TEST END=========================================
2022-08-02 16:34:16 INFO  Log:11 - =====================================verifyLogo TEST START=========================================
2022-08-02 16:34:16 INFO  Log:15 - =====================================verifyLogo TEST END=========================================
2022-08-02 16:34:30 INFO  Log:11 - =====================================verifyTitle TEST START=========================================
2022-08-02 16:34:30 INFO  Log:15 - =====================================verifyTitle TEST END=========================================
2022-08-02 16:35:48 INFO  Log:11 - =====================================verifyTotalPrice TEST START=========================================
2022-08-02 16:36:53 INFO  Log:15 - =====================================verifyTotalPrice TEST END=========================================
2022-08-02 16:37:21 INFO  Log:11 - =====================================productAvailabilityTest TEST START=========================================
2022-08-02 16:37:32 INFO  Log:15 - =====================================productAvailabilityTest TEST END=========================================
2022-08-02 16:58:24 INFO  Log:11 - =====================================loginTest TEST START=========================================
2022-08-02 16:58:24 INFO  Log:22 - user is going to click on SignIn
2022-08-02 16:58:35 INFO  Log:22 - Enter Username and Password
2022-08-02 16:58:51 INFO  Log:22 - Verifying if user is able to login
2022-08-02 16:58:51 INFO  Log:22 - Login is Sucess
2022-08-02 16:58:51 INFO  Log:15 - =====================================loginTest TEST END=========================================
2022-08-02 16:59:08 INFO  Log:11 - =====================================verifyCreateAccountPageTest TEST START=========================================
2022-08-02 16:59:20 INFO  Log:15 - =====================================verifyCreateAccountPageTest TEST END=========================================
2022-08-02 16:59:32 INFO  Log:11 - =====================================verifyLogo TEST START=========================================
2022-08-02 16:59:32 INFO  Log:15 - =====================================verifyLogo TEST END=========================================
2022-08-02 16:59:44 INFO  Log:11 - =====================================verifyTitle TEST START=========================================
2022-08-02 16:59:44 INFO  Log:15 - =====================================verifyTitle TEST END=========================================
2022-08-02 16:59:56 INFO  Log:11 - =====================================productAvailabilityTest TEST START=========================================
2022-08-02 17:00:02 INFO  Log:15 - =====================================productAvailabilityTest TEST END=========================================
2022-08-02 17:00:14 INFO  Log:11 - =====================================orderHistoryandDetailsTest TEST START=========================================
2022-08-02 17:00:24 INFO  Log:15 - =====================================orderHistoryandDetailsTest TEST END=========================================
2022-08-02 17:00:37 INFO  Log:11 - =====================================wishListTest TEST START=========================================
2022-08-02 17:01:11 INFO  Log:15 - =====================================wishListTest TEST END=========================================
2022-08-02 17:01:20 INFO  Log:11 - =====================================verifyTotalPrice TEST START=========================================
2022-08-02 17:01:39 INFO  Log:15 - =====================================verifyTotalPrice TEST END=========================================
2022-08-02 17:01:47 INFO  Log:11 - =====================================endToEndTest TEST START=========================================
2022-08-02 17:02:18 INFO  Log:15 - =====================================endToEndTest TEST END=========================================
2022-08-02 17:02:27 INFO  Log:11 - =====================================addToCartTest TEST START=========================================
2022-08-02 17:02:37 INFO  Log:15 - =====================================addToCartTest TEST END=========================================
2022-08-03 09:30:01 INFO  Log:11 - =====================================verifyCreateAccountPageTest TEST START=========================================
2022-08-03 09:30:03 INFO  Log:15 - =====================================verifyCreateAccountPageTest TEST END=========================================
2022-08-03 09:32:35 INFO  Log:11 - =====================================loginTest TEST START=========================================
2022-08-03 09:32:35 INFO  Log:22 - user is going to click on SignIn
2022-08-03 09:32:50 INFO  Log:22 - Enter Username and Password
2022-08-03 09:33:06 INFO  Log:22 - Verifying if user is able to login
2022-08-03 09:33:06 INFO  Log:22 - Login is Sucess
2022-08-03 09:33:06 INFO  Log:15 - =====================================loginTest TEST END=========================================
2022-08-03 09:33:17 INFO  Log:11 - =====================================verifyCreateAccountPageTest TEST START=========================================
2022-08-03 09:33:32 INFO  Log:15 - =====================================verifyCreateAccountPageTest TEST END=========================================
2022-08-03 09:33:56 INFO  Log:11 - =====================================verifyLogo TEST START=========================================
2022-08-03 09:33:56 INFO  Log:15 - =====================================verifyLogo TEST END=========================================
2022-08-03 09:34:12 INFO  Log:11 - =====================================verifyTitle TEST START=========================================
2022-08-03 09:34:12 INFO  Log:15 - =====================================verifyTitle TEST END=========================================
2022-08-03 09:34:24 INFO  Log:11 - =====================================productAvailabilityTest TEST START=========================================
2022-08-03 09:34:31 INFO  Log:15 - =====================================productAvailabilityTest TEST END=========================================
2022-08-03 09:34:43 INFO  Log:11 - =====================================orderHistoryandDetailsTest TEST START=========================================
2022-08-03 09:35:03 INFO  Log:15 - =====================================orderHistoryandDetailsTest TEST END=========================================
2022-08-03 09:35:14 INFO  Log:11 - =====================================wishListTest TEST START=========================================
2022-08-03 09:35:43 INFO  Log:15 - =====================================wishListTest TEST END=========================================
2022-08-03 09:35:56 INFO  Log:11 - =====================================verifyTotalPrice TEST START=========================================
2022-08-03 09:36:34 INFO  Log:15 - =====================================verifyTotalPrice TEST END=========================================
2022-08-03 09:36:44 INFO  Log:11 - =====================================endToEndTest TEST START=========================================
2022-08-03 09:37:31 INFO  Log:15 - =====================================endToEndTest TEST END=========================================
2022-08-03 09:37:38 INFO  Log:11 - =====================================addToCartTest TEST START=========================================
2022-08-03 09:37:49 INFO  Log:15 - =====================================addToCartTest TEST END=========================================
2022-08-03 11:54:58 INFO  Log:11 - =====================================loginTest TEST START=========================================
2022-08-03 11:54:58 INFO  Log:22 - user is going to click on SignIn
2022-08-03 11:55:00 INFO  Log:22 - Enter Username and Password
2022-08-03 11:55:04 INFO  Log:22 - Verifying if user is able to login
2022-08-03 11:55:04 INFO  Log:22 - Login is Sucess
2022-08-03 11:55:04 INFO  Log:15 - =====================================loginTest TEST END=========================================
2022-08-03 11:55:12 INFO  Log:11 - =====================================verifyLogo TEST START=========================================
2022-08-03 11:55:12 INFO  Log:15 - =====================================verifyLogo TEST END=========================================
2022-08-03 11:55:18 INFO  Log:11 - =====================================verifyTitle TEST START=========================================
2022-08-03 11:55:18 INFO  Log:15 - =====================================verifyTitle TEST END=========================================
2022-08-03 11:55:27 INFO  Log:11 - =====================================productAvailabilityTest TEST START=========================================
2022-08-03 11:55:31 INFO  Log:15 - =====================================productAvailabilityTest TEST END=========================================
2022-08-03 11:55:39 INFO  Log:11 - =====================================orderHistoryandDetailsTest TEST START=========================================
2022-08-03 11:55:49 INFO  Log:15 - =====================================orderHistoryandDetailsTest TEST END=========================================
2022-08-03 11:55:57 INFO  Log:11 - =====================================wishListTest TEST START=========================================
2022-08-03 11:56:03 INFO  Log:15 - =====================================wishListTest TEST END=========================================
2022-08-03 11:59:44 INFO  Log:11 - =====================================loginTest TEST START=========================================
2022-08-03 11:59:44 INFO  Log:22 - user is going to click on SignIn
2022-08-03 11:59:47 INFO  Log:22 - Enter Username and Password
2022-08-03 11:59:52 INFO  Log:22 - Verifying if user is able to login
2022-08-03 11:59:52 INFO  Log:22 - Login is Sucess
2022-08-03 11:59:52 INFO  Log:15 - =====================================loginTest TEST END=========================================
2022-08-03 12:00:00 INFO  Log:11 - =====================================verifyCreateAccountPageTest TEST START=========================================
2022-08-03 12:00:03 INFO  Log:15 - =====================================verifyCreateAccountPageTest TEST END=========================================
2022-08-03 12:00:11 INFO  Log:11 - =====================================addToCartTest TEST START=========================================
2022-08-03 12:00:25 INFO  Log:15 - =====================================addToCartTest TEST END=========================================
2022-08-03 12:01:12 INFO  Log:11 - =====================================verifyTotalPrice TEST START=========================================
2022-08-03 12:01:22 INFO  Log:11 - =====================================endToEndTest TEST START=========================================
2022-08-03 12:02:15 INFO  Log:15 - =====================================endToEndTest TEST END=========================================
2022-08-03 12:02:23 INFO  Log:11 - =====================================addToCartTest TEST START=========================================
2022-08-03 12:02:32 INFO  Log:15 - =====================================addToCartTest TEST END=========================================
2022-08-03 12:05:06 INFO  Log:11 - =====================================verifyTotalPrice TEST START=========================================
2022-08-03 12:05:20 INFO  Log:15 - =====================================verifyTotalPrice TEST END=========================================
2022-08-03 12:05:28 INFO  Log:11 - =====================================endToEndTest TEST START=========================================
2022-08-03 12:06:24 INFO  Log:15 - =====================================endToEndTest TEST END=========================================
2022-08-03 12:06:34 INFO  Log:11 - =====================================addToCartTest TEST START=========================================
2022-08-03 12:06:56 INFO  Log:15 - =====================================addToCartTest TEST END=========================================
2022-08-03 12:41:59 INFO  Log:11 - =====================================verifyLogo TEST START=========================================
2022-08-03 12:41:59 INFO  Log:15 - =====================================verifyLogo TEST END=========================================
2022-08-03 12:42:10 INFO  Log:11 - =====================================verifyTitle TEST START=========================================
2022-08-03 12:42:10 INFO  Log:15 - =====================================verifyTitle TEST END=========================================
2022-08-03 12:42:30 INFO  Log:11 - =====================================verifyLogo TEST START=========================================
2022-08-03 12:42:30 INFO  Log:15 - =====================================verifyLogo TEST END=========================================
2022-08-03 12:42:46 INFO  Log:11 - =====================================verifyTitle TEST START=========================================
2022-08-03 12:42:46 INFO  Log:15 - =====================================verifyTitle TEST END=========================================
2022-08-03 12:51:16 INFO  Log:11 - =====================================verifyLogo TEST START=========================================
2022-08-03 12:51:17 INFO  Log:15 - =====================================verifyLogo TEST END=========================================
2022-08-03 12:51:36 INFO  Log:11 - =====================================verifyTitle TEST START=========================================
2022-08-03 12:51:36 INFO  Log:15 - =====================================verifyTitle TEST END=========================================
2022-08-03 12:51:52 INFO  Log:11 - =====================================verifyLogo TEST START=========================================
2022-08-03 12:51:52 INFO  Log:15 - =====================================verifyLogo TEST END=========================================
2022-08-03 12:52:06 INFO  Log:11 - =====================================verifyTitle TEST START=========================================
2022-08-03 12:52:06 INFO  Log:15 - =====================================verifyTitle TEST END=========================================
2022-08-03 13:00:56 INFO  Log:11 - =====================================verifyLogo TEST START=========================================
2022-08-03 13:00:57 INFO  Log:15 - =====================================verifyLogo TEST END=========================================
2022-08-03 13:01:06 INFO  Log:11 - =====================================verifyTitle TEST START=========================================
2022-08-03 13:01:06 INFO  Log:15 - =====================================verifyTitle TEST END=========================================
2022-08-03 13:01:17 INFO  Log:11 - =====================================verifyLogo TEST START=========================================
2022-08-03 13:01:17 INFO  Log:15 - =====================================verifyLogo TEST END=========================================
2022-08-03 13:01:29 INFO  Log:11 - =====================================verifyTitle TEST START=========================================
2022-08-03 13:01:29 INFO  Log:15 - =====================================verifyTitle TEST END=========================================
2022-08-03 13:04:14 INFO  Log:11 - =====================================verifyLogo TEST START=========================================
2022-08-03 13:04:14 INFO  Log:15 - =====================================verifyLogo TEST END=========================================
2022-08-03 13:04:22 INFO  Log:11 - =====================================verifyTitle TEST START=========================================
2022-08-03 13:04:22 INFO  Log:15 - =====================================verifyTitle TEST END=========================================
2022-08-03 13:04:31 INFO  Log:11 - =====================================verifyLogo TEST START=========================================
2022-08-03 13:04:31 INFO  Log:15 - =====================================verifyLogo TEST END=========================================
2022-08-03 13:04:41 INFO  Log:11 - =====================================verifyTitle TEST START=========================================
2022-08-03 13:04:41 INFO  Log:15 - =====================================verifyTitle TEST END=========================================
2022-08-03 14:21:35 INFO  Log:11 - =====================================verifyLogo TEST START=========================================
2022-08-03 14:21:35 INFO  Log:15 - =====================================verifyLogo TEST END=========================================
2022-08-03 14:21:42 INFO  Log:11 - =====================================verifyTitle TEST START=========================================
2022-08-03 14:21:42 INFO  Log:15 - =====================================verifyTitle TEST END=========================================
2022-08-03 14:35:46 INFO  Log:11 - =====================================verifyLogo TEST START=========================================
2022-08-03 14:35:46 INFO  Log:15 - =====================================verifyLogo TEST END=========================================
2022-08-03 14:35:53 INFO  Log:11 - =====================================verifyTitle TEST START=========================================
2022-08-03 14:35:53 INFO  Log:15 - =====================================verifyTitle TEST END=========================================
2022-08-03 14:58:52 INFO  Log:11 - =====================================verifyLogo TEST START=========================================
2022-08-03 14:58:52 INFO  Log:15 - =====================================verifyLogo TEST END=========================================
2022-08-03 14:59:05 INFO  Log:11 - =====================================verifyTitle TEST START=========================================
2022-08-03 14:59:05 INFO  Log:15 - =====================================verifyTitle TEST END=========================================
2022-08-03 15:02:13 INFO  Log:11 - =====================================endToEndTest TEST START=========================================
2022-08-03 15:04:07 INFO  Log:15 - =====================================endToEndTest TEST END=========================================
2022-08-04 09:38:05 INFO  Log:11 - =====================================endToEndTest TEST START=========================================
2022-08-04 09:42:40 INFO  Log:11 - =====================================endToEndTest TEST START=========================================
2022-08-04 09:43:47 INFO  Log:15 - =====================================endToEndTest TEST END=========================================
2022-08-04 10:14:05 INFO  Log:11 - =====================================endToEndTest TEST START=========================================
2022-08-04 10:14:51 INFO  Log:15 - =====================================endToEndTest TEST END=========================================
2022-08-04 10:22:47 INFO  Log:11 - =====================================verifyLogo TEST START=========================================
2022-08-04 10:22:47 INFO  Log:15 - =====================================verifyLogo TEST END=========================================
2022-08-04 10:22:55 INFO  Log:11 - =====================================verifyTitle TEST START=========================================
2022-08-04 10:22:55 INFO  Log:15 - =====================================verifyTitle TEST END=========================================
2022-08-04 12:58:55 INFO  Log:11 - =====================================endToEndTest TEST START=========================================
2022-08-04 13:00:57 INFO  Log:15 - =====================================endToEndTest TEST END=========================================
2022-08-04 14:07:22 INFO  Log:11 - =====================================loginTest TEST START=========================================
2022-08-04 14:07:22 INFO  Log:22 - user is going to click on SignIn
2022-08-04 14:07:26 INFO  Log:22 - Enter Username and Password
2022-08-04 14:07:32 INFO  Log:22 - Verifying if user is able to login
2022-08-04 14:07:32 INFO  Log:22 - Login is Sucess
2022-08-04 14:07:32 INFO  Log:15 - =====================================loginTest TEST END=========================================
2022-08-04 14:07:44 INFO  Log:11 - =====================================verifyCreateAccountPageTest TEST START=========================================
2022-08-04 14:07:49 INFO  Log:15 - =====================================verifyCreateAccountPageTest TEST END=========================================
2022-08-04 14:07:57 INFO  Log:11 - =====================================verifyLogo TEST START=========================================
2022-08-04 14:07:57 INFO  Log:15 - =====================================verifyLogo TEST END=========================================
2022-08-04 14:08:10 INFO  Log:11 - =====================================verifyTitle TEST START=========================================
2022-08-04 14:08:10 INFO  Log:15 - =====================================verifyTitle TEST END=========================================
2022-08-04 14:08:22 INFO  Log:11 - =====================================productAvailabilityTest TEST START=========================================
2022-08-04 14:08:28 INFO  Log:15 - =====================================productAvailabilityTest TEST END=========================================
2022-08-04 14:08:38 INFO  Log:11 - =====================================orderHistoryandDetailsTest TEST START=========================================
2022-08-04 14:08:49 INFO  Log:15 - =====================================orderHistoryandDetailsTest TEST END=========================================
2022-08-04 14:08:55 INFO  Log:11 - =====================================wishListTest TEST START=========================================
2022-08-04 14:09:08 INFO  Log:15 - =====================================wishListTest TEST END=========================================
2022-08-04 14:09:15 INFO  Log:11 - =====================================verifyTotalPrice TEST START=========================================
2022-08-04 14:09:34 INFO  Log:15 - =====================================verifyTotalPrice TEST END=========================================
2022-08-04 14:09:42 INFO  Log:11 - =====================================endToEndTest TEST START=========================================
2022-08-04 14:10:24 INFO  Log:15 - =====================================endToEndTest TEST END=========================================
2022-08-04 14:10:30 INFO  Log:11 - =====================================addToCartTest TEST START=========================================
2022-08-04 14:10:41 INFO  Log:15 - =====================================addToCartTest TEST END=========================================
2022-08-04 17:18:58 INFO  Log:11 - =====================================verifyLogo TEST START=========================================
2022-08-04 17:18:58 INFO  Log:15 - =====================================verifyLogo TEST END=========================================
2022-08-04 17:19:02 INFO  Log:11 - =====================================verifyLogo TEST START=========================================
2022-08-04 17:19:02 INFO  Log:15 - =====================================verifyLogo TEST END=========================================
2022-08-04 17:19:04 INFO  Log:11 - =====================================verifyTitle TEST START=========================================
2022-08-04 17:19:16 INFO  Log:11 - =====================================verifyTitle TEST START=========================================
2022-08-04 17:19:16 INFO  Log:15 - =====================================verifyTitle TEST END=========================================
2022-08-04 17:24:09 INFO  Log:11 - =====================================verifyLogo TEST START=========================================
2022-08-04 17:24:09 INFO  Log:15 - =====================================verifyLogo TEST END=========================================
2022-08-04 17:24:10 INFO  Log:11 - =====================================verifyLogo TEST START=========================================
2022-08-04 17:24:11 INFO  Log:15 - =====================================verifyLogo TEST END=========================================
2022-08-04 17:24:20 INFO  Log:11 - =====================================verifyTitle TEST START=========================================
2022-08-04 17:24:20 INFO  Log:15 - =====================================verifyTitle TEST END=========================================
2022-08-04 17:24:21 INFO  Log:11 - =====================================verifyTitle TEST START=========================================
2022-08-04 17:24:21 INFO  Log:15 - =====================================verifyTitle TEST END=========================================
2022-08-04 17:27:28 INFO  Log:11 - =====================================verifyLogo TEST START=========================================
2022-08-04 17:27:29 INFO  Log:15 - =====================================verifyLogo TEST END=========================================
2022-08-04 17:27:29 INFO  Log:11 - =====================================verifyLogo TEST START=========================================
2022-08-04 17:27:29 INFO  Log:15 - =====================================verifyLogo TEST END=========================================
2022-08-04 17:27:43 INFO  Log:11 - =====================================verifyTitle TEST START=========================================
2022-08-04 17:27:43 INFO  Log:15 - =====================================verifyTitle TEST END=========================================
2022-08-04 17:27:45 INFO  Log:11 - =====================================verifyTitle TEST START=========================================
2022-08-04 17:27:45 INFO  Log:15 - =====================================verifyTitle TEST END=========================================
2022-08-05 12:02:59 INFO  Log:11 - =====================================loginTest TEST START=========================================
2022-08-05 12:02:59 INFO  Log:22 - user is going to click on SignIn
2022-08-05 12:03:03 INFO  Log:22 - Enter Username and Password
2022-08-05 12:03:12 INFO  Log:22 - Verifying if user is able to login
2022-08-05 12:03:12 INFO  Log:22 - Login is Sucess
2022-08-05 12:03:12 INFO  Log:15 - =====================================loginTest TEST END=========================================
2022-08-05 12:03:19 INFO  Log:11 - =====================================verifyCreateAccountPageTest TEST START=========================================
2022-08-05 12:03:24 INFO  Log:15 - =====================================verifyCreateAccountPageTest TEST END=========================================
2022-08-05 12:03:33 INFO  Log:11 - =====================================verifyLogo TEST START=========================================
2022-08-05 12:03:33 INFO  Log:15 - =====================================verifyLogo TEST END=========================================
2022-08-05 12:03:42 INFO  Log:11 - =====================================verifyTitle TEST START=========================================
2022-08-05 12:03:42 INFO  Log:15 - =====================================verifyTitle TEST END=========================================
2022-08-05 12:03:49 INFO  Log:11 - =====================================productAvailabilityTest TEST START=========================================
2022-08-05 12:03:51 INFO  Log:15 - =====================================productAvailabilityTest TEST END=========================================
2022-08-05 12:03:58 INFO  Log:11 - =====================================orderHistoryandDetailsTest TEST START=========================================
2022-08-05 12:04:06 INFO  Log:15 - =====================================orderHistoryandDetailsTest TEST END=========================================
2022-08-05 12:04:13 INFO  Log:11 - =====================================wishListTest TEST START=========================================
2022-08-05 12:04:22 INFO  Log:15 - =====================================wishListTest TEST END=========================================
2022-08-05 12:04:30 INFO  Log:11 - =====================================verifyTotalPrice TEST START=========================================
2022-08-05 12:04:45 INFO  Log:15 - =====================================verifyTotalPrice TEST END=========================================
2022-08-05 12:04:54 INFO  Log:11 - =====================================endToEndTest TEST START=========================================
2022-08-05 12:05:38 INFO  Log:15 - =====================================endToEndTest TEST END=========================================
2022-08-05 12:05:49 INFO  Log:11 - =====================================addToCartTest TEST START=========================================
2022-08-05 12:06:07 INFO  Log:15 - =====================================addToCartTest TEST END=========================================
2022-08-05 12:06:08 DEBUG cache:45 - Couldn't find template in cache for "v3html/v3-html-index.ftl"("en", UTF-8, parsed); will try to load it.
2022-08-05 12:06:08 DEBUG cache:45 - TemplateLoader.findTemplateSource("v3html/v3-html-index_en.ftl"): Not found
2022-08-05 12:06:08 DEBUG cache:45 - TemplateLoader.findTemplateSource("v3html/v3-html-index.ftl"): Found
2022-08-05 12:06:08 DEBUG cache:45 - Loading template for "v3html/v3-html-index.ftl"("en", UTF-8, parsed) from "jar:file:/C:/Users/SuprajaBaru/.m2/repository/com/aventstack/extentreports/4.0.9/extentreports-4.0.9.jar!/com/aventstack/extentreports/view/v3html/v3-html-index.ftl"
2022-08-05 12:06:08 DEBUG cache:45 - Couldn't find template in cache for "v3html/v3-html-head.ftl"("en", UTF-8, parsed); will try to load it.
2022-08-05 12:06:08 DEBUG cache:45 - TemplateLoader.findTemplateSource("v3html/v3-html-head_en.ftl"): Not found
2022-08-05 12:06:08 DEBUG cache:45 - TemplateLoader.findTemplateSource("v3html/v3-html-head.ftl"): Found
2022-08-05 12:06:08 DEBUG cache:45 - Loading template for "v3html/v3-html-head.ftl"("en", UTF-8, parsed) from "jar:file:/C:/Users/SuprajaBaru/.m2/repository/com/aventstack/extentreports/4.0.9/extentreports-4.0.9.jar!/com/aventstack/extentreports/view/v3html/v3-html-head.ftl"
2022-08-05 12:06:08 DEBUG cache:45 - Couldn't find template in cache for "v3html/v3-html-nav.ftl"("en", UTF-8, parsed); will try to load it.
2022-08-05 12:06:08 DEBUG cache:45 - TemplateLoader.findTemplateSource("v3html/v3-html-nav_en.ftl"): Not found
2022-08-05 12:06:08 DEBUG cache:45 - TemplateLoader.findTemplateSource("v3html/v3-html-nav.ftl"): Found
2022-08-05 12:06:08 DEBUG cache:45 - Loading template for "v3html/v3-html-nav.ftl"("en", UTF-8, parsed) from "jar:file:/C:/Users/SuprajaBaru/.m2/repository/com/aventstack/extentreports/4.0.9/extentreports-4.0.9.jar!/com/aventstack/extentreports/view/v3html/v3-html-nav.ftl"
2022-08-05 12:06:08 DEBUG cache:45 - Couldn't find template in cache for "v3html/test-view/v3-html-test-view.ftl"("en", UTF-8, parsed); will try to load it.
2022-08-05 12:06:08 DEBUG cache:45 - TemplateLoader.findTemplateSource("v3html/test-view/v3-html-test-view_en.ftl"): Not found
2022-08-05 12:06:08 DEBUG cache:45 - TemplateLoader.findTemplateSource("v3html/test-view/v3-html-test-view.ftl"): Found
2022-08-05 12:06:08 DEBUG cache:45 - Loading template for "v3html/test-view/v3-html-test-view.ftl"("en", UTF-8, parsed) from "jar:file:/C:/Users/SuprajaBaru/.m2/repository/com/aventstack/extentreports/4.0.9/extentreports-4.0.9.jar!/com/aventstack/extentreports/view/v3html/test-view/v3-html-test-view.ftl"
2022-08-05 12:06:08 DEBUG cache:45 - Couldn't find template in cache for "v3html/test-view/v3-html-test-view-charts.ftl"("en", UTF-8, parsed); will try to load it.
2022-08-05 12:06:08 DEBUG cache:45 - TemplateLoader.findTemplateSource("v3html/test-view/v3-html-test-view-charts_en.ftl"): Not found
2022-08-05 12:06:08 DEBUG cache:45 - TemplateLoader.findTemplateSource("v3html/test-view/v3-html-test-view-charts.ftl"): Found
2022-08-05 12:06:08 DEBUG cache:45 - Loading template for "v3html/test-view/v3-html-test-view-charts.ftl"("en", UTF-8, parsed) from "jar:file:/C:/Users/SuprajaBaru/.m2/repository/com/aventstack/extentreports/4.0.9/extentreports-4.0.9.jar!/com/aventstack/extentreports/view/v3html/test-view/v3-html-test-view-charts.ftl"
2022-08-05 12:06:08 DEBUG cache:45 - Couldn't find template in cache for "v3html/test-view/v3-html-standard.ftl"("en", UTF-8, parsed); will try to load it.
2022-08-05 12:06:08 DEBUG cache:45 - TemplateLoader.findTemplateSource("v3html/test-view/v3-html-standard_en.ftl"): Not found
2022-08-05 12:06:08 DEBUG cache:45 - TemplateLoader.findTemplateSource("v3html/test-view/v3-html-standard.ftl"): Found
2022-08-05 12:06:08 DEBUG cache:45 - Loading template for "v3html/test-view/v3-html-standard.ftl"("en", UTF-8, parsed) from "jar:file:/C:/Users/SuprajaBaru/.m2/repository/com/aventstack/extentreports/4.0.9/extentreports-4.0.9.jar!/com/aventstack/extentreports/view/v3html/test-view/v3-html-standard.ftl"
2022-08-05 12:06:08 DEBUG cache:45 - "v3html/test-view/v3-html-standard.ftl"("en", UTF-8, parsed) cached copy not yet stale; using cached.
2022-08-05 12:06:08 DEBUG cache:45 - "v3html/test-view/v3-html-standard.ftl"("en", UTF-8, parsed) cached copy not yet stale; using cached.
2022-08-05 12:06:08 DEBUG cache:45 - "v3html/test-view/v3-html-standard.ftl"("en", UTF-8, parsed) cached copy not yet stale; using cached.
2022-08-05 12:06:08 DEBUG cache:45 - "v3html/test-view/v3-html-standard.ftl"("en", UTF-8, parsed) cached copy not yet stale; using cached.
2022-08-05 12:06:08 DEBUG cache:45 - "v3html/test-view/v3-html-standard.ftl"("en", UTF-8, parsed) cached copy not yet stale; using cached.
2022-08-05 12:06:08 DEBUG cache:45 - "v3html/test-view/v3-html-standard.ftl"("en", UTF-8, parsed) cached copy not yet stale; using cached.
2022-08-05 12:06:08 DEBUG cache:45 - "v3html/test-view/v3-html-standard.ftl"("en", UTF-8, parsed) cached copy not yet stale; using cached.
2022-08-05 12:06:08 DEBUG cache:45 - "v3html/test-view/v3-html-standard.ftl"("en", UTF-8, parsed) cached copy not yet stale; using cached.
2022-08-05 12:06:08 DEBUG cache:45 - "v3html/test-view/v3-html-standard.ftl"("en", UTF-8, parsed) cached copy not yet stale; using cached.
2022-08-05 12:06:08 DEBUG cache:45 - Couldn't find template in cache for "v3html/category-view/v3-html-category-view.ftl"("en", UTF-8, parsed); will try to load it.
2022-08-05 12:06:08 DEBUG cache:45 - TemplateLoader.findTemplateSource("v3html/category-view/v3-html-category-view_en.ftl"): Not found
2022-08-05 12:06:08 DEBUG cache:45 - TemplateLoader.findTemplateSource("v3html/category-view/v3-html-category-view.ftl"): Found
2022-08-05 12:06:08 DEBUG cache:45 - Loading template for "v3html/category-view/v3-html-category-view.ftl"("en", UTF-8, parsed) from "jar:file:/C:/Users/SuprajaBaru/.m2/repository/com/aventstack/extentreports/4.0.9/extentreports-4.0.9.jar!/com/aventstack/extentreports/view/v3html/category-view/v3-html-category-view.ftl"
2022-08-05 12:06:08 DEBUG cache:45 - Couldn't find template in cache for "v3html/exception-view/v3-html-exception-view.ftl"("en", UTF-8, parsed); will try to load it.
2022-08-05 12:06:08 DEBUG cache:45 - TemplateLoader.findTemplateSource("v3html/exception-view/v3-html-exception-view_en.ftl"): Not found
2022-08-05 12:06:08 DEBUG cache:45 - TemplateLoader.findTemplateSource("v3html/exception-view/v3-html-exception-view.ftl"): Found
2022-08-05 12:06:08 DEBUG cache:45 - Loading template for "v3html/exception-view/v3-html-exception-view.ftl"("en", UTF-8, parsed) from "jar:file:/C:/Users/SuprajaBaru/.m2/repository/com/aventstack/extentreports/4.0.9/extentreports-4.0.9.jar!/com/aventstack/extentreports/view/v3html/exception-view/v3-html-exception-view.ftl"
2022-08-05 12:06:08 DEBUG cache:45 - Couldn't find template in cache for "v3html/author-view/v3-html-author-view.ftl"("en", UTF-8, parsed); will try to load it.
2022-08-05 12:06:08 DEBUG cache:45 - TemplateLoader.findTemplateSource("v3html/author-view/v3-html-author-view_en.ftl"): Not found
2022-08-05 12:06:08 DEBUG cache:45 - TemplateLoader.findTemplateSource("v3html/author-view/v3-html-author-view.ftl"): Found
2022-08-05 12:06:08 DEBUG cache:45 - Loading template for "v3html/author-view/v3-html-author-view.ftl"("en", UTF-8, parsed) from "jar:file:/C:/Users/SuprajaBaru/.m2/repository/com/aventstack/extentreports/4.0.9/extentreports-4.0.9.jar!/com/aventstack/extentreports/view/v3html/author-view/v3-html-author-view.ftl"
2022-08-05 12:06:08 DEBUG cache:45 - Couldn't find template in cache for "v3html/dashboard-view/v3-html-dashboard-view.ftl"("en", UTF-8, parsed); will try to load it.
2022-08-05 12:06:08 DEBUG cache:45 - TemplateLoader.findTemplateSource("v3html/dashboard-view/v3-html-dashboard-view_en.ftl"): Not found
2022-08-05 12:06:08 DEBUG cache:45 - TemplateLoader.findTemplateSource("v3html/dashboard-view/v3-html-dashboard-view.ftl"): Found
2022-08-05 12:06:08 DEBUG cache:45 - Loading template for "v3html/dashboard-view/v3-html-dashboard-view.ftl"("en", UTF-8, parsed) from "jar:file:/C:/Users/SuprajaBaru/.m2/repository/com/aventstack/extentreports/4.0.9/extentreports-4.0.9.jar!/com/aventstack/extentreports/view/v3html/dashboard-view/v3-html-dashboard-view.ftl"
2022-08-05 12:06:08 DEBUG cache:45 - Couldn't find template in cache for "v3html/logs-view/v3-html-testrunner-logs-view.ftl"("en", UTF-8, parsed); will try to load it.
2022-08-05 12:06:08 DEBUG cache:45 - TemplateLoader.findTemplateSource("v3html/logs-view/v3-html-testrunner-logs-view_en.ftl"): Not found
2022-08-05 12:06:08 DEBUG cache:45 - TemplateLoader.findTemplateSource("v3html/logs-view/v3-html-testrunner-logs-view.ftl"): Found
2022-08-05 12:06:08 DEBUG cache:45 - Loading template for "v3html/logs-view/v3-html-testrunner-logs-view.ftl"("en", UTF-8, parsed) from "jar:file:/C:/Users/SuprajaBaru/.m2/repository/com/aventstack/extentreports/4.0.9/extentreports-4.0.9.jar!/com/aventstack/extentreports/view/v3html/logs-view/v3-html-testrunner-logs-view.ftl"
2022-08-05 15:28:43 INFO  Log:11 - =====================================verifyLogo TEST START=========================================
2022-08-05 15:28:43 INFO  Log:15 - =====================================verifyLogo TEST END=========================================
2022-08-05 15:29:04 INFO  Log:11 - =====================================verifyTitle TEST START=========================================
2022-08-05 15:29:04 INFO  Log:15 - =====================================verifyTitle TEST END=========================================
2022-08-05 16:10:36 INFO  Log:11 - =====================================loginTest TEST START=========================================
2022-08-05 16:10:36 INFO  Log:22 - user is going to click on SignIn
2022-08-05 16:10:45 INFO  Log:22 - Enter Username and Password
2022-08-05 16:11:00 INFO  Log:22 - Verifying if user is able to login
2022-08-05 16:11:00 INFO  Log:22 - Login is Sucess
2022-08-05 16:11:00 INFO  Log:15 - =====================================loginTest TEST END=========================================
2022-08-05 16:28:33 INFO  Log:11 - =====================================loginTest TEST START=========================================
2022-08-05 16:28:33 INFO  Log:22 - user is going to click on SignIn
2022-08-05 16:28:43 INFO  Log:22 - Enter Username and Password
2022-08-05 16:28:49 INFO  Log:22 - Verifying if user is able to login
2022-08-05 16:28:49 INFO  Log:22 - Login is Sucess
2022-08-05 16:28:49 INFO  Log:15 - =====================================loginTest TEST END=========================================
2022-08-05 16:29:01 INFO  Log:11 - =====================================verifyCreateAccountPageTest TEST START=========================================
2022-08-05 16:29:07 INFO  Log:15 - =====================================verifyCreateAccountPageTest TEST END=========================================
2022-08-05 16:29:19 INFO  Log:11 - =====================================verifyLogo TEST START=========================================
2022-08-05 16:29:19 INFO  Log:15 - =====================================verifyLogo TEST END=========================================
2022-08-05 16:29:30 INFO  Log:11 - =====================================verifyTitle TEST START=========================================
2022-08-05 16:29:30 INFO  Log:15 - =====================================verifyTitle TEST END=========================================
2022-08-05 16:29:42 INFO  Log:11 - =====================================productAvailabilityTest TEST START=========================================
2022-08-05 16:29:47 INFO  Log:15 - =====================================productAvailabilityTest TEST END=========================================
2022-08-05 16:29:57 INFO  Log:11 - =====================================orderHistoryandDetailsTest TEST START=========================================
2022-08-05 16:30:12 INFO  Log:15 - =====================================orderHistoryandDetailsTest TEST END=========================================
2022-08-05 16:30:23 INFO  Log:11 - =====================================wishListTest TEST START=========================================
2022-08-05 16:30:34 INFO  Log:15 - =====================================wishListTest TEST END=========================================
2022-08-05 16:30:46 INFO  Log:11 - =====================================verifyTotalPrice TEST START=========================================
2022-08-05 16:31:01 INFO  Log:15 - =====================================verifyTotalPrice TEST END=========================================
2022-08-05 16:31:14 INFO  Log:11 - =====================================endToEndTest TEST START=========================================
2022-08-05 16:32:20 INFO  Log:15 - =====================================endToEndTest TEST END=========================================
2022-08-05 16:32:31 INFO  Log:11 - =====================================addToCartTest TEST START=========================================
2022-08-05 16:32:45 INFO  Log:15 - =====================================addToCartTest TEST END=========================================
2022-08-05 16:32:45 DEBUG cache:45 - Couldn't find template in cache for "v3html/v3-html-index.ftl"("en", UTF-8, parsed); will try to load it.
2022-08-05 16:32:45 DEBUG cache:45 - TemplateLoader.findTemplateSource("v3html/v3-html-index_en.ftl"): Not found
2022-08-05 16:32:45 DEBUG cache:45 - TemplateLoader.findTemplateSource("v3html/v3-html-index.ftl"): Found
2022-08-05 16:32:45 DEBUG cache:45 - Loading template for "v3html/v3-html-index.ftl"("en", UTF-8, parsed) from "jar:file:/C:/Users/SuprajaBaru/.m2/repository/com/aventstack/extentreports/4.0.9/extentreports-4.0.9.jar!/com/aventstack/extentreports/view/v3html/v3-html-index.ftl"
2022-08-05 16:32:46 DEBUG cache:45 - Couldn't find template in cache for "v3html/v3-html-head.ftl"("en", UTF-8, parsed); will try to load it.
2022-08-05 16:32:46 DEBUG cache:45 - TemplateLoader.findTemplateSource("v3html/v3-html-head_en.ftl"): Not found
2022-08-05 16:32:46 DEBUG cache:45 - TemplateLoader.findTemplateSource("v3html/v3-html-head.ftl"): Found
2022-08-05 16:32:46 DEBUG cache:45 - Loading template for "v3html/v3-html-head.ftl"("en", UTF-8, parsed) from "jar:file:/C:/Users/SuprajaBaru/.m2/repository/com/aventstack/extentreports/4.0.9/extentreports-4.0.9.jar!/com/aventstack/extentreports/view/v3html/v3-html-head.ftl"
2022-08-05 16:32:46 DEBUG cache:45 - Couldn't find template in cache for "v3html/v3-html-nav.ftl"("en", UTF-8, parsed); will try to load it.
2022-08-05 16:32:46 DEBUG cache:45 - TemplateLoader.findTemplateSource("v3html/v3-html-nav_en.ftl"): Not found
2022-08-05 16:32:46 DEBUG cache:45 - TemplateLoader.findTemplateSource("v3html/v3-html-nav.ftl"): Found
2022-08-05 16:32:46 DEBUG cache:45 - Loading template for "v3html/v3-html-nav.ftl"("en", UTF-8, parsed) from "jar:file:/C:/Users/SuprajaBaru/.m2/repository/com/aventstack/extentreports/4.0.9/extentreports-4.0.9.jar!/com/aventstack/extentreports/view/v3html/v3-html-nav.ftl"
2022-08-05 16:32:46 DEBUG cache:45 - Couldn't find template in cache for "v3html/test-view/v3-html-test-view.ftl"("en", UTF-8, parsed); will try to load it.
2022-08-05 16:32:46 DEBUG cache:45 - TemplateLoader.findTemplateSource("v3html/test-view/v3-html-test-view_en.ftl"): Not found
2022-08-05 16:32:46 DEBUG cache:45 - TemplateLoader.findTemplateSource("v3html/test-view/v3-html-test-view.ftl"): Found
2022-08-05 16:32:46 DEBUG cache:45 - Loading template for "v3html/test-view/v3-html-test-view.ftl"("en", UTF-8, parsed) from "jar:file:/C:/Users/SuprajaBaru/.m2/repository/com/aventstack/extentreports/4.0.9/extentreports-4.0.9.jar!/com/aventstack/extentreports/view/v3html/test-view/v3-html-test-view.ftl"
2022-08-05 16:32:46 DEBUG cache:45 - Couldn't find template in cache for "v3html/test-view/v3-html-test-view-charts.ftl"("en", UTF-8, parsed); will try to load it.
2022-08-05 16:32:46 DEBUG cache:45 - TemplateLoader.findTemplateSource("v3html/test-view/v3-html-test-view-charts_en.ftl"): Not found
2022-08-05 16:32:46 DEBUG cache:45 - TemplateLoader.findTemplateSource("v3html/test-view/v3-html-test-view-charts.ftl"): Found
2022-08-05 16:32:46 DEBUG cache:45 - Loading template for "v3html/test-view/v3-html-test-view-charts.ftl"("en", UTF-8, parsed) from "jar:file:/C:/Users/SuprajaBaru/.m2/repository/com/aventstack/extentreports/4.0.9/extentreports-4.0.9.jar!/com/aventstack/extentreports/view/v3html/test-view/v3-html-test-view-charts.ftl"
2022-08-05 16:32:46 DEBUG cache:45 - Couldn't find template in cache for "v3html/test-view/v3-html-standard.ftl"("en", UTF-8, parsed); will try to load it.
2022-08-05 16:32:46 DEBUG cache:45 - TemplateLoader.findTemplateSource("v3html/test-view/v3-html-standard_en.ftl"): Not found
2022-08-05 16:32:46 DEBUG cache:45 - TemplateLoader.findTemplateSource("v3html/test-view/v3-html-standard.ftl"): Found
2022-08-05 16:32:46 DEBUG cache:45 - Loading template for "v3html/test-view/v3-html-standard.ftl"("en", UTF-8, parsed) from "jar:file:/C:/Users/SuprajaBaru/.m2/repository/com/aventstack/extentreports/4.0.9/extentreports-4.0.9.jar!/com/aventstack/extentreports/view/v3html/test-view/v3-html-standard.ftl"
2022-08-05 16:32:46 DEBUG cache:45 - "v3html/test-view/v3-html-standard.ftl"("en", UTF-8, parsed) cached copy not yet stale; using cached.
2022-08-05 16:32:46 DEBUG cache:45 - "v3html/test-view/v3-html-standard.ftl"("en", UTF-8, parsed) cached copy not yet stale; using cached.
2022-08-05 16:32:46 DEBUG cache:45 - "v3html/test-view/v3-html-standard.ftl"("en", UTF-8, parsed) cached copy not yet stale; using cached.
2022-08-05 16:32:46 DEBUG cache:45 - "v3html/test-view/v3-html-standard.ftl"("en", UTF-8, parsed) cached copy not yet stale; using cached.
2022-08-05 16:32:46 DEBUG cache:45 - "v3html/test-view/v3-html-standard.ftl"("en", UTF-8, parsed) cached copy not yet stale; using cached.
2022-08-05 16:32:46 DEBUG cache:45 - "v3html/test-view/v3-html-standard.ftl"("en", UTF-8, parsed) cached copy not yet stale; using cached.
2022-08-05 16:32:46 DEBUG cache:45 - "v3html/test-view/v3-html-standard.ftl"("en", UTF-8, parsed) cached copy not yet stale; using cached.
2022-08-05 16:32:46 DEBUG cache:45 - "v3html/test-view/v3-html-standard.ftl"("en", UTF-8, parsed) cached copy not yet stale; using cached.
2022-08-05 16:32:46 DEBUG cache:45 - "v3html/test-view/v3-html-standard.ftl"("en", UTF-8, parsed) cached copy not yet stale; using cached.
2022-08-05 16:32:46 DEBUG cache:45 - Couldn't find template in cache for "v3html/category-view/v3-html-category-view.ftl"("en", UTF-8, parsed); will try to load it.
2022-08-05 16:32:46 DEBUG cache:45 - TemplateLoader.findTemplateSource("v3html/category-view/v3-html-category-view_en.ftl"): Not found
2022-08-05 16:32:46 DEBUG cache:45 - TemplateLoader.findTemplateSource("v3html/category-view/v3-html-category-view.ftl"): Found
2022-08-05 16:32:46 DEBUG cache:45 - Loading template for "v3html/category-view/v3-html-category-view.ftl"("en", UTF-8, parsed) from "jar:file:/C:/Users/SuprajaBaru/.m2/repository/com/aventstack/extentreports/4.0.9/extentreports-4.0.9.jar!/com/aventstack/extentreports/view/v3html/category-view/v3-html-category-view.ftl"
2022-08-05 16:32:46 DEBUG cache:45 - Couldn't find template in cache for "v3html/exception-view/v3-html-exception-view.ftl"("en", UTF-8, parsed); will try to load it.
2022-08-05 16:32:46 DEBUG cache:45 - TemplateLoader.findTemplateSource("v3html/exception-view/v3-html-exception-view_en.ftl"): Not found
2022-08-05 16:32:46 DEBUG cache:45 - TemplateLoader.findTemplateSource("v3html/exception-view/v3-html-exception-view.ftl"): Found
2022-08-05 16:32:46 DEBUG cache:45 - Loading template for "v3html/exception-view/v3-html-exception-view.ftl"("en", UTF-8, parsed) from "jar:file:/C:/Users/SuprajaBaru/.m2/repository/com/aventstack/extentreports/4.0.9/extentreports-4.0.9.jar!/com/aventstack/extentreports/view/v3html/exception-view/v3-html-exception-view.ftl"
2022-08-05 16:32:46 DEBUG cache:45 - Couldn't find template in cache for "v3html/author-view/v3-html-author-view.ftl"("en", UTF-8, parsed); will try to load it.
2022-08-05 16:32:46 DEBUG cache:45 - TemplateLoader.findTemplateSource("v3html/author-view/v3-html-author-view_en.ftl"): Not found
2022-08-05 16:32:46 DEBUG cache:45 - TemplateLoader.findTemplateSource("v3html/author-view/v3-html-author-view.ftl"): Found
2022-08-05 16:32:46 DEBUG cache:45 - Loading template for "v3html/author-view/v3-html-author-view.ftl"("en", UTF-8, parsed) from "jar:file:/C:/Users/SuprajaBaru/.m2/repository/com/aventstack/extentreports/4.0.9/extentreports-4.0.9.jar!/com/aventstack/extentreports/view/v3html/author-view/v3-html-author-view.ftl"
2022-08-05 16:32:46 DEBUG cache:45 - Couldn't find template in cache for "v3html/dashboard-view/v3-html-dashboard-view.ftl"("en", UTF-8, parsed); will try to load it.
2022-08-05 16:32:46 DEBUG cache:45 - TemplateLoader.findTemplateSource("v3html/dashboard-view/v3-html-dashboard-view_en.ftl"): Not found
2022-08-05 16:32:46 DEBUG cache:45 - TemplateLoader.findTemplateSource("v3html/dashboard-view/v3-html-dashboard-view.ftl"): Found
2022-08-05 16:32:46 DEBUG cache:45 - Loading template for "v3html/dashboard-view/v3-html-dashboard-view.ftl"("en", UTF-8, parsed) from "jar:file:/C:/Users/SuprajaBaru/.m2/repository/com/aventstack/extentreports/4.0.9/extentreports-4.0.9.jar!/com/aventstack/extentreports/view/v3html/dashboard-view/v3-html-dashboard-view.ftl"
2022-08-05 16:32:46 DEBUG cache:45 - Couldn't find template in cache for "v3html/logs-view/v3-html-testrunner-logs-view.ftl"("en", UTF-8, parsed); will try to load it.
2022-08-05 16:32:46 DEBUG cache:45 - TemplateLoader.findTemplateSource("v3html/logs-view/v3-html-testrunner-logs-view_en.ftl"): Not found
2022-08-05 16:32:46 DEBUG cache:45 - TemplateLoader.findTemplateSource("v3html/logs-view/v3-html-testrunner-logs-view.ftl"): Found
2022-08-05 16:32:46 DEBUG cache:45 - Loading template for "v3html/logs-view/v3-html-testrunner-logs-view.ftl"("en", UTF-8, parsed) from "jar:file:/C:/Users/SuprajaBaru/.m2/repository/com/aventstack/extentreports/4.0.9/extentreports-4.0.9.jar!/com/aventstack/extentreports/view/v3html/logs-view/v3-html-testrunner-logs-view.ftl"
2022-08-05 16:35:43 INFO  Log:11 - =====================================loginTest TEST START=========================================
2022-08-05 16:35:43 INFO  Log:22 - user is going to click on SignIn
2022-08-05 16:35:50 INFO  Log:22 - Enter Username and Password
2022-08-05 16:35:59 INFO  Log:22 - Verifying if user is able to login
2022-08-05 16:35:59 INFO  Log:22 - Login is Sucess
2022-08-05 16:35:59 INFO  Log:15 - =====================================loginTest TEST END=========================================
2022-08-05 16:36:10 INFO  Log:11 - =====================================verifyCreateAccountPageTest TEST START=========================================
2022-08-05 16:36:17 INFO  Log:15 - =====================================verifyCreateAccountPageTest TEST END=========================================
2022-08-05 16:36:29 INFO  Log:11 - =====================================verifyLogo TEST START=========================================
2022-08-05 16:36:29 INFO  Log:15 - =====================================verifyLogo TEST END=========================================
2022-08-05 16:36:40 INFO  Log:11 - =====================================verifyTitle TEST START=========================================
2022-08-05 16:36:40 INFO  Log:15 - =====================================verifyTitle TEST END=========================================
2022-08-05 16:36:55 INFO  Log:11 - =====================================productAvailabilityTest TEST START=========================================
2022-08-05 16:36:58 INFO  Log:15 - =====================================productAvailabilityTest TEST END=========================================
2022-08-05 16:37:11 INFO  Log:11 - =====================================orderHistoryandDetailsTest TEST START=========================================
2022-08-05 16:37:22 INFO  Log:15 - =====================================orderHistoryandDetailsTest TEST END=========================================
2022-08-05 16:37:33 INFO  Log:11 - =====================================wishListTest TEST START=========================================
2022-08-05 16:37:43 INFO  Log:15 - =====================================wishListTest TEST END=========================================
2022-08-05 16:37:56 INFO  Log:11 - =====================================verifyTotalPrice TEST START=========================================
2022-08-05 16:38:17 INFO  Log:15 - =====================================verifyTotalPrice TEST END=========================================
2022-08-05 16:38:32 INFO  Log:11 - =====================================endToEndTest TEST START=========================================
2022-08-05 16:40:25 INFO  Log:15 - =====================================endToEndTest TEST END=========================================
2022-08-05 16:40:45 INFO  Log:11 - =====================================addToCartTest TEST START=========================================
2022-08-05 16:40:59 INFO  Log:15 - =====================================addToCartTest TEST END=========================================
2022-08-05 16:40:59 DEBUG cache:45 - Couldn't find template in cache for "v3html/v3-html-index.ftl"("en", UTF-8, parsed); will try to load it.
2022-08-05 16:40:59 DEBUG cache:45 - TemplateLoader.findTemplateSource("v3html/v3-html-index_en.ftl"): Not found
2022-08-05 16:40:59 DEBUG cache:45 - TemplateLoader.findTemplateSource("v3html/v3-html-index.ftl"): Found
2022-08-05 16:40:59 DEBUG cache:45 - Loading template for "v3html/v3-html-index.ftl"("en", UTF-8, parsed) from "jar:file:/C:/Users/SuprajaBaru/.m2/repository/com/aventstack/extentreports/4.0.9/extentreports-4.0.9.jar!/com/aventstack/extentreports/view/v3html/v3-html-index.ftl"
2022-08-05 16:41:00 DEBUG cache:45 - Couldn't find template in cache for "v3html/v3-html-head.ftl"("en", UTF-8, parsed); will try to load it.
2022-08-05 16:41:00 DEBUG cache:45 - TemplateLoader.findTemplateSource("v3html/v3-html-head_en.ftl"): Not found
2022-08-05 16:41:00 DEBUG cache:45 - TemplateLoader.findTemplateSource("v3html/v3-html-head.ftl"): Found
2022-08-05 16:41:00 DEBUG cache:45 - Loading template for "v3html/v3-html-head.ftl"("en", UTF-8, parsed) from "jar:file:/C:/Users/SuprajaBaru/.m2/repository/com/aventstack/extentreports/4.0.9/extentreports-4.0.9.jar!/com/aventstack/extentreports/view/v3html/v3-html-head.ftl"
2022-08-05 16:41:00 DEBUG cache:45 - Couldn't find template in cache for "v3html/v3-html-nav.ftl"("en", UTF-8, parsed); will try to load it.
2022-08-05 16:41:00 DEBUG cache:45 - TemplateLoader.findTemplateSource("v3html/v3-html-nav_en.ftl"): Not found
2022-08-05 16:41:00 DEBUG cache:45 - TemplateLoader.findTemplateSource("v3html/v3-html-nav.ftl"): Found
2022-08-05 16:41:00 DEBUG cache:45 - Loading template for "v3html/v3-html-nav.ftl"("en", UTF-8, parsed) from "jar:file:/C:/Users/SuprajaBaru/.m2/repository/com/aventstack/extentreports/4.0.9/extentreports-4.0.9.jar!/com/aventstack/extentreports/view/v3html/v3-html-nav.ftl"
2022-08-05 16:41:00 DEBUG cache:45 - Couldn't find template in cache for "v3html/test-view/v3-html-test-view.ftl"("en", UTF-8, parsed); will try to load it.
2022-08-05 16:41:00 DEBUG cache:45 - TemplateLoader.findTemplateSource("v3html/test-view/v3-html-test-view_en.ftl"): Not found
2022-08-05 16:41:00 DEBUG cache:45 - TemplateLoader.findTemplateSource("v3html/test-view/v3-html-test-view.ftl"): Found
2022-08-05 16:41:00 DEBUG cache:45 - Loading template for "v3html/test-view/v3-html-test-view.ftl"("en", UTF-8, parsed) from "jar:file:/C:/Users/SuprajaBaru/.m2/repository/com/aventstack/extentreports/4.0.9/extentreports-4.0.9.jar!/com/aventstack/extentreports/view/v3html/test-view/v3-html-test-view.ftl"
2022-08-05 16:41:00 DEBUG cache:45 - Couldn't find template in cache for "v3html/test-view/v3-html-test-view-charts.ftl"("en", UTF-8, parsed); will try to load it.
2022-08-05 16:41:00 DEBUG cache:45 - TemplateLoader.findTemplateSource("v3html/test-view/v3-html-test-view-charts_en.ftl"): Not found
2022-08-05 16:41:00 DEBUG cache:45 - TemplateLoader.findTemplateSource("v3html/test-view/v3-html-test-view-charts.ftl"): Found
2022-08-05 16:41:00 DEBUG cache:45 - Loading template for "v3html/test-view/v3-html-test-view-charts.ftl"("en", UTF-8, parsed) from "jar:file:/C:/Users/SuprajaBaru/.m2/repository/com/aventstack/extentreports/4.0.9/extentreports-4.0.9.jar!/com/aventstack/extentreports/view/v3html/test-view/v3-html-test-view-charts.ftl"
2022-08-05 16:41:00 DEBUG cache:45 - Couldn't find template in cache for "v3html/test-view/v3-html-standard.ftl"("en", UTF-8, parsed); will try to load it.
2022-08-05 16:41:00 DEBUG cache:45 - TemplateLoader.findTemplateSource("v3html/test-view/v3-html-standard_en.ftl"): Not found
2022-08-05 16:41:00 DEBUG cache:45 - TemplateLoader.findTemplateSource("v3html/test-view/v3-html-standard.ftl"): Found
2022-08-05 16:41:00 DEBUG cache:45 - Loading template for "v3html/test-view/v3-html-standard.ftl"("en", UTF-8, parsed) from "jar:file:/C:/Users/SuprajaBaru/.m2/repository/com/aventstack/extentreports/4.0.9/extentreports-4.0.9.jar!/com/aventstack/extentreports/view/v3html/test-view/v3-html-standard.ftl"
2022-08-05 16:41:00 DEBUG cache:45 - "v3html/test-view/v3-html-standard.ftl"("en", UTF-8, parsed) cached copy not yet stale; using cached.
2022-08-05 16:41:00 DEBUG cache:45 - "v3html/test-view/v3-html-standard.ftl"("en", UTF-8, parsed) cached copy not yet stale; using cached.
2022-08-05 16:41:00 DEBUG cache:45 - "v3html/test-view/v3-html-standard.ftl"("en", UTF-8, parsed) cached copy not yet stale; using cached.
2022-08-05 16:41:00 DEBUG cache:45 - "v3html/test-view/v3-html-standard.ftl"("en", UTF-8, parsed) cached copy not yet stale; using cached.
2022-08-05 16:41:00 DEBUG cache:45 - "v3html/test-view/v3-html-standard.ftl"("en", UTF-8, parsed) cached copy not yet stale; using cached.
2022-08-05 16:41:00 DEBUG cache:45 - "v3html/test-view/v3-html-standard.ftl"("en", UTF-8, parsed) cached copy not yet stale; using cached.
2022-08-05 16:41:00 DEBUG cache:45 - "v3html/test-view/v3-html-standard.ftl"("en", UTF-8, parsed) cached copy not yet stale; using cached.
2022-08-05 16:41:00 DEBUG cache:45 - "v3html/test-view/v3-html-standard.ftl"("en", UTF-8, parsed) cached copy not yet stale; using cached.
2022-08-05 16:41:00 DEBUG cache:45 - "v3html/test-view/v3-html-standard.ftl"("en", UTF-8, parsed) cached copy not yet stale; using cached.
2022-08-05 16:41:00 DEBUG cache:45 - Couldn't find template in cache for "v3html/category-view/v3-html-category-view.ftl"("en", UTF-8, parsed); will try to load it.
2022-08-05 16:41:00 DEBUG cache:45 - TemplateLoader.findTemplateSource("v3html/category-view/v3-html-category-view_en.ftl"): Not found
2022-08-05 16:41:00 DEBUG cache:45 - TemplateLoader.findTemplateSource("v3html/category-view/v3-html-category-view.ftl"): Found
2022-08-05 16:41:00 DEBUG cache:45 - Loading template for "v3html/category-view/v3-html-category-view.ftl"("en", UTF-8, parsed) from "jar:file:/C:/Users/SuprajaBaru/.m2/repository/com/aventstack/extentreports/4.0.9/extentreports-4.0.9.jar!/com/aventstack/extentreports/view/v3html/category-view/v3-html-category-view.ftl"
2022-08-05 16:41:00 DEBUG cache:45 - Couldn't find template in cache for "v3html/exception-view/v3-html-exception-view.ftl"("en", UTF-8, parsed); will try to load it.
2022-08-05 16:41:00 DEBUG cache:45 - TemplateLoader.findTemplateSource("v3html/exception-view/v3-html-exception-view_en.ftl"): Not found
2022-08-05 16:41:00 DEBUG cache:45 - TemplateLoader.findTemplateSource("v3html/exception-view/v3-html-exception-view.ftl"): Found
2022-08-05 16:41:00 DEBUG cache:45 - Loading template for "v3html/exception-view/v3-html-exception-view.ftl"("en", UTF-8, parsed) from "jar:file:/C:/Users/SuprajaBaru/.m2/repository/com/aventstack/extentreports/4.0.9/extentreports-4.0.9.jar!/com/aventstack/extentreports/view/v3html/exception-view/v3-html-exception-view.ftl"
2022-08-05 16:41:00 DEBUG cache:45 - Couldn't find template in cache for "v3html/author-view/v3-html-author-view.ftl"("en", UTF-8, parsed); will try to load it.
2022-08-05 16:41:00 DEBUG cache:45 - TemplateLoader.findTemplateSource("v3html/author-view/v3-html-author-view_en.ftl"): Not found
2022-08-05 16:41:00 DEBUG cache:45 - TemplateLoader.findTemplateSource("v3html/author-view/v3-html-author-view.ftl"): Found
2022-08-05 16:41:00 DEBUG cache:45 - Loading template for "v3html/author-view/v3-html-author-view.ftl"("en", UTF-8, parsed) from "jar:file:/C:/Users/SuprajaBaru/.m2/repository/com/aventstack/extentreports/4.0.9/extentreports-4.0.9.jar!/com/aventstack/extentreports/view/v3html/author-view/v3-html-author-view.ftl"
2022-08-05 16:41:00 DEBUG cache:45 - Couldn't find template in cache for "v3html/dashboard-view/v3-html-dashboard-view.ftl"("en", UTF-8, parsed); will try to load it.
2022-08-05 16:41:00 DEBUG cache:45 - TemplateLoader.findTemplateSource("v3html/dashboard-view/v3-html-dashboard-view_en.ftl"): Not found
2022-08-05 16:41:00 DEBUG cache:45 - TemplateLoader.findTemplateSource("v3html/dashboard-view/v3-html-dashboard-view.ftl"): Found
2022-08-05 16:41:00 DEBUG cache:45 - Loading template for "v3html/dashboard-view/v3-html-dashboard-view.ftl"("en", UTF-8, parsed) from "jar:file:/C:/Users/SuprajaBaru/.m2/repository/com/aventstack/extentreports/4.0.9/extentreports-4.0.9.jar!/com/aventstack/extentreports/view/v3html/dashboard-view/v3-html-dashboard-view.ftl"
2022-08-05 16:41:00 DEBUG cache:45 - Couldn't find template in cache for "v3html/logs-view/v3-html-testrunner-logs-view.ftl"("en", UTF-8, parsed); will try to load it.
2022-08-05 16:41:00 DEBUG cache:45 - TemplateLoader.findTemplateSource("v3html/logs-view/v3-html-testrunner-logs-view_en.ftl"): Not found
2022-08-05 16:41:00 DEBUG cache:45 - TemplateLoader.findTemplateSource("v3html/logs-view/v3-html-testrunner-logs-view.ftl"): Found
2022-08-05 16:41:00 DEBUG cache:45 - Loading template for "v3html/logs-view/v3-html-testrunner-logs-view.ftl"("en", UTF-8, parsed) from "jar:file:/C:/Users/SuprajaBaru/.m2/repository/com/aventstack/extentreports/4.0.9/extentreports-4.0.9.jar!/com/aventstack/extentreports/view/v3html/logs-view/v3-html-testrunner-logs-view.ftl"
2022-08-16 09:58:22 INFO  Log:11 - =====================================orderHistoryandDetailsTest TEST START=========================================
2022-08-16 09:58:29 INFO  Log:15 - =====================================orderHistoryandDetailsTest TEST END=========================================
2022-08-16 09:58:37 INFO  Log:11 - =====================================wishListTest TEST START=========================================
2022-08-16 09:58:46 INFO  Log:15 - =====================================wishListTest TEST END=========================================
2022-08-16 10:12:15 INFO  Log:11 - =====================================orderHistoryandDetailsTest TEST START=========================================
2022-08-16 10:12:22 INFO  Log:15 - =====================================orderHistoryandDetailsTest TEST END=========================================
2022-08-16 10:12:30 INFO  Log:11 - =====================================wishListTest TEST START=========================================
2022-08-16 10:12:38 INFO  Log:15 - =====================================wishListTest TEST END=========================================
2022-08-16 10:12:45 INFO  Log:11 - =====================================verifyLogo TEST START=========================================
2022-08-16 10:12:45 INFO  Log:15 - =====================================verifyLogo TEST END=========================================
2022-08-16 10:12:52 INFO  Log:11 - =====================================verifyTitle TEST START=========================================
2022-08-16 10:12:52 INFO  Log:15 - =====================================verifyTitle TEST END=========================================
2022-08-16 10:14:18 INFO  Log:11 - =====================================orderHistoryandDetailsTest TEST START=========================================
2022-08-16 10:14:26 INFO  Log:15 - =====================================orderHistoryandDetailsTest TEST END=========================================
2022-08-16 10:14:33 INFO  Log:11 - =====================================wishListTest TEST START=========================================
2022-08-16 10:14:42 INFO  Log:15 - =====================================wishListTest TEST END=========================================
2022-08-16 10:14:49 INFO  Log:11 - =====================================verifyLogo TEST START=========================================
2022-08-16 10:14:49 INFO  Log:15 - =====================================verifyLogo TEST END=========================================
2022-08-16 10:14:56 INFO  Log:11 - =====================================verifyTitle TEST START=========================================
2022-08-16 10:14:56 INFO  Log:15 - =====================================verifyTitle TEST END=========================================
2022-08-16 10:15:03 INFO  Log:11 - =====================================loginTest TEST START=========================================
2022-08-16 10:15:03 INFO  Log:22 - user is going to click on SignIn
2022-08-16 10:15:05 INFO  Log:22 - Enter Username and Password
2022-08-16 10:15:11 INFO  Log:22 - Verifying if user is able to login
2022-08-16 10:15:11 INFO  Log:22 - Login is Sucess
2022-08-16 10:15:11 INFO  Log:15 - =====================================loginTest TEST END=========================================
2022-08-16 14:41:53 INFO  Log:11 - =====================================loginTest TEST START=========================================
2022-08-16 14:41:53 INFO  Log:22 - user is going to click on SignIn
2022-08-16 14:42:19 INFO  Log:22 - Enter Username and Password
2022-08-16 14:42:45 INFO  Log:22 - Verifying if user is able to login
2022-08-16 14:42:45 INFO  Log:22 - Login is Sucess
2022-08-16 14:42:45 INFO  Log:15 - =====================================loginTest TEST END=========================================
2022-08-16 14:43:06 INFO  Log:11 - =====================================verifyCreateAccountPageTest TEST START=========================================
2022-08-16 14:43:26 INFO  Log:15 - =====================================verifyCreateAccountPageTest TEST END=========================================
2022-08-16 14:43:28 INFO  Log:11 - =====================================verifyLogo TEST START=========================================
2022-08-16 14:43:48 INFO  Log:11 - =====================================verifyTitle TEST START=========================================
2022-08-16 14:43:48 INFO  Log:15 - =====================================verifyTitle TEST END=========================================
2022-08-16 14:43:50 INFO  Log:11 - =====================================productAvailabilityTest TEST START=========================================
2022-08-16 14:43:52 INFO  Log:11 - =====================================orderHistoryandDetailsTest TEST START=========================================
2022-08-16 14:44:11 INFO  Log:11 - =====================================wishListTest TEST START=========================================
2022-08-16 14:44:48 INFO  Log:11 - =====================================verifyTotalPrice TEST START=========================================
2022-08-16 14:44:50 INFO  Log:11 - =====================================endToEndTest TEST START=========================================
2022-08-16 14:45:12 INFO  Log:11 - =====================================addToCartTest TEST START=========================================
2022-08-16 14:45:13 DEBUG cache:45 - Couldn't find template in cache for "v3html/v3-html-index.ftl"("en", UTF-8, parsed); will try to load it.
2022-08-16 14:45:13 DEBUG cache:45 - TemplateLoader.findTemplateSource("v3html/v3-html-index_en.ftl"): Not found
2022-08-16 14:45:13 DEBUG cache:45 - TemplateLoader.findTemplateSource("v3html/v3-html-index.ftl"): Found
2022-08-16 14:45:13 DEBUG cache:45 - Loading template for "v3html/v3-html-index.ftl"("en", UTF-8, parsed) from "jar:file:/C:/Users/SuprajaBaru/.m2/repository/com/aventstack/extentreports/4.0.9/extentreports-4.0.9.jar!/com/aventstack/extentreports/view/v3html/v3-html-index.ftl"
2022-08-16 14:45:14 DEBUG cache:45 - Couldn't find template in cache for "v3html/v3-html-head.ftl"("en", UTF-8, parsed); will try to load it.
2022-08-16 14:45:14 DEBUG cache:45 - TemplateLoader.findTemplateSource("v3html/v3-html-head_en.ftl"): Not found
2022-08-16 14:45:14 DEBUG cache:45 - TemplateLoader.findTemplateSource("v3html/v3-html-head.ftl"): Found
2022-08-16 14:45:14 DEBUG cache:45 - Loading template for "v3html/v3-html-head.ftl"("en", UTF-8, parsed) from "jar:file:/C:/Users/SuprajaBaru/.m2/repository/com/aventstack/extentreports/4.0.9/extentreports-4.0.9.jar!/com/aventstack/extentreports/view/v3html/v3-html-head.ftl"
2022-08-16 14:45:14 DEBUG cache:45 - Couldn't find template in cache for "v3html/v3-html-nav.ftl"("en", UTF-8, parsed); will try to load it.
2022-08-16 14:45:14 DEBUG cache:45 - TemplateLoader.findTemplateSource("v3html/v3-html-nav_en.ftl"): Not found
2022-08-16 14:45:14 DEBUG cache:45 - TemplateLoader.findTemplateSource("v3html/v3-html-nav.ftl"): Found
2022-08-16 14:45:14 DEBUG cache:45 - Loading template for "v3html/v3-html-nav.ftl"("en", UTF-8, parsed) from "jar:file:/C:/Users/SuprajaBaru/.m2/repository/com/aventstack/extentreports/4.0.9/extentreports-4.0.9.jar!/com/aventstack/extentreports/view/v3html/v3-html-nav.ftl"
2022-08-16 14:45:14 DEBUG cache:45 - Couldn't find template in cache for "v3html/test-view/v3-html-test-view.ftl"("en", UTF-8, parsed); will try to load it.
2022-08-16 14:45:14 DEBUG cache:45 - TemplateLoader.findTemplateSource("v3html/test-view/v3-html-test-view_en.ftl"): Not found
2022-08-16 14:45:14 DEBUG cache:45 - TemplateLoader.findTemplateSource("v3html/test-view/v3-html-test-view.ftl"): Found
2022-08-16 14:45:14 DEBUG cache:45 - Loading template for "v3html/test-view/v3-html-test-view.ftl"("en", UTF-8, parsed) from "jar:file:/C:/Users/SuprajaBaru/.m2/repository/com/aventstack/extentreports/4.0.9/extentreports-4.0.9.jar!/com/aventstack/extentreports/view/v3html/test-view/v3-html-test-view.ftl"
2022-08-16 14:45:14 DEBUG cache:45 - Couldn't find template in cache for "v3html/test-view/v3-html-test-view-charts.ftl"("en", UTF-8, parsed); will try to load it.
2022-08-16 14:45:14 DEBUG cache:45 - TemplateLoader.findTemplateSource("v3html/test-view/v3-html-test-view-charts_en.ftl"): Not found
2022-08-16 14:45:14 DEBUG cache:45 - TemplateLoader.findTemplateSource("v3html/test-view/v3-html-test-view-charts.ftl"): Found
2022-08-16 14:45:14 DEBUG cache:45 - Loading template for "v3html/test-view/v3-html-test-view-charts.ftl"("en", UTF-8, parsed) from "jar:file:/C:/Users/SuprajaBaru/.m2/repository/com/aventstack/extentreports/4.0.9/extentreports-4.0.9.jar!/com/aventstack/extentreports/view/v3html/test-view/v3-html-test-view-charts.ftl"
2022-08-16 14:45:14 DEBUG cache:45 - Couldn't find template in cache for "v3html/test-view/v3-html-standard.ftl"("en", UTF-8, parsed); will try to load it.
2022-08-16 14:45:14 DEBUG cache:45 - TemplateLoader.findTemplateSource("v3html/test-view/v3-html-standard_en.ftl"): Not found
2022-08-16 14:45:14 DEBUG cache:45 - TemplateLoader.findTemplateSource("v3html/test-view/v3-html-standard.ftl"): Found
2022-08-16 14:45:14 DEBUG cache:45 - Loading template for "v3html/test-view/v3-html-standard.ftl"("en", UTF-8, parsed) from "jar:file:/C:/Users/SuprajaBaru/.m2/repository/com/aventstack/extentreports/4.0.9/extentreports-4.0.9.jar!/com/aventstack/extentreports/view/v3html/test-view/v3-html-standard.ftl"
2022-08-16 14:45:14 DEBUG cache:45 - "v3html/test-view/v3-html-standard.ftl"("en", UTF-8, parsed) cached copy not yet stale; using cached.
2022-08-16 14:45:14 DEBUG cache:45 - "v3html/test-view/v3-html-standard.ftl"("en", UTF-8, parsed) cached copy not yet stale; using cached.
2022-08-16 14:45:14 DEBUG cache:45 - "v3html/test-view/v3-html-standard.ftl"("en", UTF-8, parsed) cached copy not yet stale; using cached.
2022-08-16 14:45:14 DEBUG cache:45 - "v3html/test-view/v3-html-standard.ftl"("en", UTF-8, parsed) cached copy not yet stale; using cached.
2022-08-16 14:45:14 DEBUG cache:45 - "v3html/test-view/v3-html-standard.ftl"("en", UTF-8, parsed) cached copy not yet stale; using cached.
2022-08-16 14:45:14 DEBUG cache:45 - "v3html/test-view/v3-html-standard.ftl"("en", UTF-8, parsed) cached copy not yet stale; using cached.
2022-08-16 14:45:14 DEBUG cache:45 - "v3html/test-view/v3-html-standard.ftl"("en", UTF-8, parsed) cached copy not yet stale; using cached.
2022-08-16 14:45:14 DEBUG cache:45 - "v3html/test-view/v3-html-standard.ftl"("en", UTF-8, parsed) cached copy not yet stale; using cached.
2022-08-16 14:45:14 DEBUG cache:45 - "v3html/test-view/v3-html-standard.ftl"("en", UTF-8, parsed) cached copy not yet stale; using cached.
2022-08-16 14:45:14 DEBUG cache:45 - Couldn't find template in cache for "v3html/category-view/v3-html-category-view.ftl"("en", UTF-8, parsed); will try to load it.
2022-08-16 14:45:14 DEBUG cache:45 - TemplateLoader.findTemplateSource("v3html/category-view/v3-html-category-view_en.ftl"): Not found
2022-08-16 14:45:14 DEBUG cache:45 - TemplateLoader.findTemplateSource("v3html/category-view/v3-html-category-view.ftl"): Found
2022-08-16 14:45:14 DEBUG cache:45 - Loading template for "v3html/category-view/v3-html-category-view.ftl"("en", UTF-8, parsed) from "jar:file:/C:/Users/SuprajaBaru/.m2/repository/com/aventstack/extentreports/4.0.9/extentreports-4.0.9.jar!/com/aventstack/extentreports/view/v3html/category-view/v3-html-category-view.ftl"
2022-08-16 14:45:14 DEBUG cache:45 - Couldn't find template in cache for "v3html/exception-view/v3-html-exception-view.ftl"("en", UTF-8, parsed); will try to load it.
2022-08-16 14:45:14 DEBUG cache:45 - TemplateLoader.findTemplateSource("v3html/exception-view/v3-html-exception-view_en.ftl"): Not found
2022-08-16 14:45:14 DEBUG cache:45 - TemplateLoader.findTemplateSource("v3html/exception-view/v3-html-exception-view.ftl"): Found
2022-08-16 14:45:14 DEBUG cache:45 - Loading template for "v3html/exception-view/v3-html-exception-view.ftl"("en", UTF-8, parsed) from "jar:file:/C:/Users/SuprajaBaru/.m2/repository/com/aventstack/extentreports/4.0.9/extentreports-4.0.9.jar!/com/aventstack/extentreports/view/v3html/exception-view/v3-html-exception-view.ftl"
2022-08-16 14:45:14 DEBUG cache:45 - Couldn't find template in cache for "v3html/author-view/v3-html-author-view.ftl"("en", UTF-8, parsed); will try to load it.
2022-08-16 14:45:14 DEBUG cache:45 - TemplateLoader.findTemplateSource("v3html/author-view/v3-html-author-view_en.ftl"): Not found
2022-08-16 14:45:14 DEBUG cache:45 - TemplateLoader.findTemplateSource("v3html/author-view/v3-html-author-view.ftl"): Found
2022-08-16 14:45:14 DEBUG cache:45 - Loading template for "v3html/author-view/v3-html-author-view.ftl"("en", UTF-8, parsed) from "jar:file:/C:/Users/SuprajaBaru/.m2/repository/com/aventstack/extentreports/4.0.9/extentreports-4.0.9.jar!/com/aventstack/extentreports/view/v3html/author-view/v3-html-author-view.ftl"
2022-08-16 14:45:14 DEBUG cache:45 - Couldn't find template in cache for "v3html/dashboard-view/v3-html-dashboard-view.ftl"("en", UTF-8, parsed); will try to load it.
2022-08-16 14:45:14 DEBUG cache:45 - TemplateLoader.findTemplateSource("v3html/dashboard-view/v3-html-dashboard-view_en.ftl"): Not found
2022-08-16 14:45:14 DEBUG cache:45 - TemplateLoader.findTemplateSource("v3html/dashboard-view/v3-html-dashboard-view.ftl"): Found
2022-08-16 14:45:14 DEBUG cache:45 - Loading template for "v3html/dashboard-view/v3-html-dashboard-view.ftl"("en", UTF-8, parsed) from "jar:file:/C:/Users/SuprajaBaru/.m2/repository/com/aventstack/extentreports/4.0.9/extentreports-4.0.9.jar!/com/aventstack/extentreports/view/v3html/dashboard-view/v3-html-dashboard-view.ftl"
2022-08-16 14:45:14 DEBUG cache:45 - Couldn't find template in cache for "v3html/logs-view/v3-html-testrunner-logs-view.ftl"("en", UTF-8, parsed); will try to load it.
2022-08-16 14:45:14 DEBUG cache:45 - TemplateLoader.findTemplateSource("v3html/logs-view/v3-html-testrunner-logs-view_en.ftl"): Not found
2022-08-16 14:45:14 DEBUG cache:45 - TemplateLoader.findTemplateSource("v3html/logs-view/v3-html-testrunner-logs-view.ftl"): Found
2022-08-16 14:45:14 DEBUG cache:45 - Loading template for "v3html/logs-view/v3-html-testrunner-logs-view.ftl"("en", UTF-8, parsed) from "jar:file:/C:/Users/SuprajaBaru/.m2/repository/com/aventstack/extentreports/4.0.9/extentreports-4.0.9.jar!/com/aventstack/extentreports/view/v3html/logs-view/v3-html-testrunner-logs-view.ftl"
